[21:26:44] [main/WARN]: Ambiguity between arguments [teleport, destination] and [teleport, targets] with inputs: [Player, 0123, @e, dd12be42-52a9-4a91-a8a1-11c01849e498]
[21:26:44] [main/WARN]: Ambiguity between arguments [teleport, location] and [teleport, destination] with inputs: [0.1 -0.5 .9, 0 0 0]
[21:26:44] [main/WARN]: Ambiguity between arguments [teleport, location] and [teleport, targets] with inputs: [0.1 -0.5 .9, 0 0 0]
[21:26:44] [main/WARN]: Ambiguity between arguments [teleport, targets] and [teleport, destination] with inputs: [Player, 0123, dd12be42-52a9-4a91-a8a1-11c01849e498]
[21:26:44] [main/WARN]: Ambiguity between arguments [teleport, targets, location] and [teleport, targets, destination] with inputs: [0.1 -0.5 .9, 0 0 0]
[21:26:44] [Server thread/INFO]: Starting minecraft server version 1.15.1
[21:26:44] [Server thread/INFO]: Loading properties
[21:26:44] [Server thread/INFO]: Default game type: SURVIVAL
[21:26:44] [Server thread/INFO]: Generating keypair
[21:26:44] [Server thread/INFO]: Starting Minecraft server on *:25565
[21:26:45] [Server thread/INFO]: Using epoll channel type
[21:26:45] [Server thread/INFO]: Preparing level "world"
[21:26:46] [Server thread/INFO]: Reloading ResourceManager: Default
[21:26:47] [Server thread/INFO]: Loaded 6 recipes
[21:26:48] [Server thread/INFO]: Loaded 825 advancements
[21:26:50] [Server thread/INFO]: Preparing start region for dimension minecraft:overworld
[21:26:54] [Server thread/INFO]: Preparing spawn area: 0%
[21:26:54] [Server thread/INFO]: Preparing spawn area: 0%
[21:26:54] [Server thread/INFO]: Preparing spawn area: 0%
[21:26:54] [Server thread/INFO]: Preparing spawn area: 0%
[21:26:54] [Server thread/INFO]: Preparing spawn area: 0%
[21:26:54] [Server thread/INFO]: Preparing spawn area: 0%
[21:26:54] [Server thread/INFO]: Preparing spawn area: 0%
[21:26:54] [Server thread/INFO]: Preparing spawn area: 0%
[21:26:54] [Server thread/INFO]: Preparing spawn area: 0%
[21:27:09] [Server-Worker-3/INFO]: Preparing spawn area: 0%
[21:27:09] [Server-Worker-1/INFO]: Preparing spawn area: 0%
[21:27:09] [Server-Worker-1/INFO]: Preparing spawn area: 0%
[21:27:09] [Server-Worker-1/INFO]: Preparing spawn area: 0%
[21:27:09] [Server-Worker-1/INFO]: Preparing spawn area: 0%
[21:27:09] [Server-Worker-1/INFO]: Preparing spawn area: 0%
[21:27:09] [Server-Worker-2/INFO]: Preparing spawn area: 0%
[21:27:09] [Server-Worker-1/INFO]: Preparing spawn area: 0%
[21:27:09] [Server-Worker-1/INFO]: Preparing spawn area: 0%
[21:27:09] [Server-Worker-1/INFO]: Preparing spawn area: 0%
[21:27:09] [Server-Worker-1/INFO]: Preparing spawn area: 0%
[21:27:09] [Server-Worker-1/INFO]: Preparing spawn area: 0%
[21:27:09] [Server-Worker-1/INFO]: Preparing spawn area: 0%
[21:27:09] [Server-Worker-1/INFO]: Preparing spawn area: 0%
[21:27:09] [Server-Worker-1/INFO]: Preparing spawn area: 0%
[21:27:09] [Server-Worker-1/INFO]: Preparing spawn area: 0%
[21:27:09] [Server-Worker-1/INFO]: Preparing spawn area: 0%
[21:27:09] [Server-Worker-3/INFO]: Preparing spawn area: 0%
[21:27:09] [Server-Worker-3/INFO]: Preparing spawn area: 0%
[21:27:09] [Server-Worker-3/INFO]: Preparing spawn area: 0%
[21:27:09] [Server-Worker-2/INFO]: Preparing spawn area: 0%
[21:27:09] [Server-Worker-2/INFO]: Preparing spawn area: 0%
[21:27:09] [Server-Worker-3/INFO]: Preparing spawn area: 0%
[21:27:09] [Server-Worker-2/INFO]: Preparing spawn area: 0%
[21:27:09] [Server-Worker-3/INFO]: Preparing spawn area: 0%
[21:27:09] [Server-Worker-3/INFO]: Preparing spawn area: 0%
[21:27:09] [Server-Worker-3/INFO]: Preparing spawn area: 0%
[21:27:09] [Server-Worker-1/INFO]: Preparing spawn area: 0%
[21:27:09] [Server-Worker-3/INFO]: Preparing spawn area: 0%
[21:27:09] [Server thread/INFO]: Preparing spawn area: 9%
[21:27:13] [Server-Worker-3/INFO]: Preparing spawn area: 84%
[21:27:13] [Server-Worker-3/INFO]: Preparing spawn area: 84%
[21:27:13] [Server-Worker-3/INFO]: Preparing spawn area: 84%
[21:27:13] [Server-Worker-3/INFO]: Preparing spawn area: 84%
[21:27:13] [Server-Worker-3/INFO]: Preparing spawn area: 84%
[21:27:13] [Server-Worker-3/INFO]: Preparing spawn area: 84%
[21:27:13] [Server-Worker-3/INFO]: Preparing spawn area: 84%
[21:27:13] [Server-Worker-1/INFO]: Preparing spawn area: 84%
[21:27:14] [Server-Worker-1/INFO]: Preparing spawn area: 84%
[21:27:14] [Server-Worker-1/INFO]: Preparing spawn area: 84%
[21:27:15] [Server-Worker-3/INFO]: Preparing spawn area: 84%
[21:27:15] [Server-Worker-2/INFO]: Preparing spawn area: 84%
[21:27:16] [Server-Worker-1/INFO]: Preparing spawn area: 84%
[21:27:16] [Server-Worker-1/INFO]: Preparing spawn area: 84%
[21:27:17] [Server-Worker-1/INFO]: Preparing spawn area: 84%
[21:27:17] [Server-Worker-3/INFO]: Preparing spawn area: 84%
[21:27:18] [Server-Worker-3/INFO]: Preparing spawn area: 87%
[21:27:18] [Server thread/INFO]: Preparing spawn area: 90%
[21:27:19] [Server-Worker-1/INFO]: Preparing spawn area: 93%
[21:27:19] [Server-Worker-1/INFO]: Preparing spawn area: 97%
[21:27:20] [Server thread/INFO]: Time elapsed: 29394 ms
[21:27:20] [Server thread/INFO]: Done (34.324s)! For help, type "help"
[21:27:34] [User Authenticator #1/INFO]: UUID of player Osurak is 3b7cac72-0319-4e9c-998b-894d88884964
[21:27:34] [Server thread/INFO]: Osurak[/88.22.67.1:53623] logged in with entity id 217 at (-244.5, 64.0, -254.5)
[21:27:34] [Server thread/INFO]: Osurak joined the game
[21:28:47] [Server thread/INFO]: Osurak drowned
[21:28:53] [Server thread/WARN]: Mismatch in destroy block pos: fk{x=0, y=0, z=0} fk{x=-244, y=62, z=-249}
[21:29:29] [Server thread/INFO]: Stopping the server
[21:29:29] [Server thread/INFO]: Stopping server
[21:29:29] [Server thread/INFO]: Saving players
[21:29:29] [Server thread/INFO]: Saving worlds
[21:29:29] [Server thread/INFO]: Saving chunks for level 'world'/minecraft:overworld
[21:29:30] [Server thread/INFO]: ThreadedAnvilChunkStorage (world): All chunks are saved
[21:29:30] [Server thread/INFO]: Saving chunks for level 'world'/minecraft:the_nether
[21:29:30] [Server thread/INFO]: ThreadedAnvilChunkStorage (DIM-1): All chunks are saved
[21:29:30] [Server thread/INFO]: Saving chunks for level 'world'/minecraft:the_end
[21:29:30] [Server thread/INFO]: ThreadedAnvilChunkStorage (DIM1): All chunks are saved
[21:29:30] [Server thread/INFO]: ThreadedAnvilChunkStorage (world): All chunks are saved
[21:29:30] [Server thread/INFO]: ThreadedAnvilChunkStorage (DIM-1): All chunks are saved
[21:29:30] [Server thread/INFO]: ThreadedAnvilChunkStorage (DIM1): All chunks are saved
